INFO    : PreTeXt project found in `/Users/ramsey/ToCBook/ToC-Book/book-example`.
INFO    : Note: No webwork elements found.
INFO    : 
It appears the source has changed of an asset that needs to be generated.  Now generating asset: latex-image with xmlid: PowerSetMatx2.
INFO    : Now generating latex-images


INFO    : converting latex-image pictures from /Users/ramsey/ToCBook/ToC-Book/book-example/source/main.ptx to svg graphics for placement in /Users/ramsey/ToCBook/ToC-Book/book-example/generated-assets/latex-image
INFO    : extracting latex-image pictures from /Users/ramsey/ToCBook/ToC-Book/book-example/source/main.ptx
INFO    : string parameters passed to extraction stylesheet: {'publisher': '/Users/ramsey/ToCBook/ToC-Book/book-example/publication/publication.ptx', 'subtree': 'PowerSetMatx2'}
INFO    : discovering source file's directory name: /Users/ramsey/ToCBook/ToC-Book/book-example/source
INFO    : verifying and expanding input directory: /Users/ramsey/ToCBook/ToC-Book/book-example/source/../generated-assets
INFO    : input directory expanded to absolute path: /Users/ramsey/ToCBook/ToC-Book/book-example/generated-assets
INFO    : verifying and expanding input directory: /Users/ramsey/ToCBook/ToC-Book/book-example/source/../assets
INFO    : input directory expanded to absolute path: /Users/ramsey/ToCBook/ToC-Book/book-example/assets
INFO    : XSL conversion of /Users/ramsey/ToCBook/ToC-Book/book-example/source/main.ptx by /Users/ramsey/.ptx/xsl/extract-latex-image.xsl
INFO    : comprehensive messages, warnings, and errors:
INFO    : successful application of /Users/ramsey/.ptx/xsl/extract-latex-image.xsl
INFO    : converting PowerSetMatx2.tex to PowerSetMatx2.pdf
INFO    : cropping PowerSetMatx2.pdf to cropped-PowerSetMatx2.pdf
INFO    : renaming cropped-PowerSetMatx2.pdf to PowerSetMatx2.pdf
INFO    : converting PowerSetMatx2.pdf to PowerSetMatx2.svg
INFO    : Removing temporary directory /var/folders/rf/r2zp_1p50wgbk3mkkd4xx8xr0000gq/T/tmpcqxul_ij
INFO    : Generating all assets in default formats as requested.
INFO    : Note: PreTeXt will automatically generate assets that have been changed since your last build, so this option is no longer necessary unless something isn't happening as expected.
INFO    : Note: No webwork elements found.
INFO    : Now generating latex-images


INFO    : converting latex-image pictures from /Users/ramsey/ToCBook/ToC-Book/book-example/source/main.ptx to svg graphics for placement in /Users/ramsey/ToCBook/ToC-Book/book-example/generated-assets/latex-image
INFO    : extracting latex-image pictures from /Users/ramsey/ToCBook/ToC-Book/book-example/source/main.ptx
INFO    : string parameters passed to extraction stylesheet: {'publisher': '/Users/ramsey/ToCBook/ToC-Book/book-example/publication/publication.ptx'}
INFO    : discovering source file's directory name: /Users/ramsey/ToCBook/ToC-Book/book-example/source
INFO    : verifying and expanding input directory: /Users/ramsey/ToCBook/ToC-Book/book-example/source/../generated-assets
INFO    : input directory expanded to absolute path: /Users/ramsey/ToCBook/ToC-Book/book-example/generated-assets
INFO    : verifying and expanding input directory: /Users/ramsey/ToCBook/ToC-Book/book-example/source/../assets
INFO    : input directory expanded to absolute path: /Users/ramsey/ToCBook/ToC-Book/book-example/assets
INFO    : XSL conversion of /Users/ramsey/ToCBook/ToC-Book/book-example/source/main.ptx by /Users/ramsey/.ptx/xsl/extract-latex-image.xsl
INFO    : comprehensive messages, warnings, and errors:
INFO    : successful application of /Users/ramsey/.ptx/xsl/extract-latex-image.xsl
INFO    : converting PowerSetMatx2.tex to PowerSetMatx2.pdf
INFO    : cropping PowerSetMatx2.pdf to cropped-PowerSetMatx2.pdf
INFO    : renaming cropped-PowerSetMatx2.pdf to PowerSetMatx2.pdf
INFO    : converting PowerSetMatx2.pdf to PowerSetMatx2.svg
INFO    : Note: No asymptote elements found.
INFO    : Note: No sageplot elements found.
INFO    : Note: No interactive elements found.
INFO    : Note: No video@youtube elements found.
INFO    : Now copying play-button image for videos


INFO    : Generating generic video preview, aka "play button" into /Users/ramsey/ToCBook/ToC-Book/book-example/generated-assets/play-button
INFO    : Note: No program elements using codelens found.
INFO    : Note: No elements needing datafile conversion found
INFO    : Removing temporary directory /var/folders/rf/r2zp_1p50wgbk3mkkd4xx8xr0000gq/T/tmp8oil_eq3
INFO    : Preparing to build into /Users/ramsey/ToCBook/ToC-Book/book-example/output/web.
INFO    : 
Now building HTML into /Users/ramsey/ToCBook/ToC-Book/book-example/output/web

INFO    : discovering source file's directory name: /Users/ramsey/ToCBook/ToC-Book/book-example/source
INFO    : verifying and expanding input directory: /Users/ramsey/ToCBook/ToC-Book/book-example/source/../generated-assets
INFO    : input directory expanded to absolute path: /Users/ramsey/ToCBook/ToC-Book/book-example/generated-assets
INFO    : verifying and expanding input directory: /Users/ramsey/ToCBook/ToC-Book/book-example/source/../assets
INFO    : input directory expanded to absolute path: /Users/ramsey/ToCBook/ToC-Book/book-example/assets
INFO    : Runestone Services (via PreTeXt repository): version 6.5.0
INFO    : Runestone Services (using newer, via online CDN query): version 7.1.2
INFO    : converting /Users/ramsey/ToCBook/ToC-Book/book-example/source/main.ptx to HTML in /var/folders/rf/r2zp_1p50wgbk3mkkd4xx8xr0000gq/T/tmp2cd1vzd3
INFO    : XSL conversion of /Users/ramsey/ToCBook/ToC-Book/book-example/source/main.ptx by /Users/ramsey/.ptx/xsl/pretext-html.xsl
INFO    : comprehensive messages, warnings, and errors:
INFO    : successful application of /Users/ramsey/.ptx/xsl/pretext-html.xsl
INFO    : Removing temporary directory /var/folders/rf/r2zp_1p50wgbk3mkkd4xx8xr0000gq/T/tmp2cd1vzd3
INFO    : 
Success! Run `pretext view web` to see the results.

